Dana Davidson
ID:2299509
CPSC 350-02
Assignement1-DNA


Sum of String Lengths: 122
Mean String Length: 5
String Length Variance: 170
String Standard Deviation: 13.0384

Probability of A Nucleotide: 0.229508
Probability of C Nucleotide: 0.278689
Probability of G Nucleotide: 0.204918
Probability of T Nucleotide: 0.286885

Probability of AA: 0.0606061
Probability of AC: 0.030303
Probability of AT: 0.0606061
Probability of AG: 0.0606061

Probability of CA: 0.0151515
Probability of CC: 0.0909091
Probability of CT: 0.0606061
Probability of CG: 0

Probability of TA: 0.0454545
Probability of TC: 0.0909091
Probability of TT: 0.106061
Probability of TG: 0.0151515

Probability of GA: 0.030303
Probability of GC: 0.0606061
Probability of GT: 0.0151515
Probability of GG: 0.0757576


DNA strings: 
AATTTGGCCC
AAATTTTGGCCC
AATTGGCC
AAAAATTTTTTGGGGCCCCCC
AAAAATTTTTTTGGGGGCCCCCC
AAAATTTTTGGGGCCCCC
AAAAATTTTTTGGGGCCCCCC
AATTGCC
AAATTTTGGGCCCC
AAAAAATTTTTTTTGGGGGGCCCCCCCC
